<?xml version="1.0" encoding="UTF-8"?>
<testng-results skipped="0" failed="0" total="1" passed="1">
  <reporter-output>
  </reporter-output>
  <suite name="Default suite" duration-ms="51308" started-at="2019-12-11T03:54:16Z" finished-at="2019-12-11T03:55:07Z">
    <groups>
    </groups>
    <test name="Default test" duration-ms="51308" started-at="2019-12-11T03:54:16Z" finished-at="2019-12-11T03:55:07Z">
      <class name="DriverFactory.DriverScript">
        <test-method status="PASS" signature="startTest()[pri:0, instance:DriverFactory.DriverScript@271053e1]" name="startTest" duration-ms="51276" started-at="2019-12-11T09:24:16Z" finished-at="2019-12-11T09:25:07Z">
          <reporter-output>
          </reporter-output>
        </test-method> <!-- startTest -->
      </class> <!-- DriverFactory.DriverScript -->
    </test> <!-- Default test -->
  </suite> <!-- Default suite -->
</testng-results>
